<?xml version="1.0" encoding="UTF-8"?>
<testng-results skipped="0" failed="0" ignored="0" total="2" passed="2">
  <reporter-output>
  </reporter-output>
  <suite name="Suite" duration-ms="143" started-at="2019-04-10T08:35:50Z" finished-at="2019-04-10T08:35:50Z">
    <groups>
    </groups>
    <test name="Test" duration-ms="143" started-at="2019-04-10T08:35:50Z" finished-at="2019-04-10T08:35:50Z">
      <class name="com.mycompany.app.MobileTest">
        <test-method status="PASS" signature="MobileTest1()[pri:0, instance:com.mycompany.app.MobileTest@27efef64]" name="MobileTest1" duration-ms="6" started-at="2019-04-10T08:35:50Z" finished-at="2019-04-10T08:35:50Z">
          <reporter-output>
          </reporter-output>
        </test-method> <!-- MobileTest1 -->
      </class> <!-- com.mycompany.app.MobileTest -->
      <class name="com.mycompany.app.RestAPITest">
        <test-method status="PASS" signature="RestApi1()[pri:0, instance:com.mycompany.app.RestAPITest@59f99ea]" name="RestApi1" duration-ms="40" started-at="2019-04-10T08:35:50Z" finished-at="2019-04-10T08:35:50Z">
          <reporter-output>
          </reporter-output>
        </test-method> <!-- RestApi1 -->
      </class> <!-- com.mycompany.app.RestAPITest -->
    </test> <!-- Test -->
  </suite> <!-- Suite -->
</testng-results>
